[debug] [2024-06-13T17:37:07.862Z] ----------------------------------------------------------------------
[debug] [2024-06-13T17:37:07.865Z] Command:       C:\Program Files\nodejs\node.exe C:\Users\Parth\AppData\Roaming\npm\node_modules\firebase-tools\lib\bin\firebase.js init hosting
[debug] [2024-06-13T17:37:07.865Z] CLI Version:   13.11.2
[debug] [2024-06-13T17:37:07.865Z] Platform:      win32
[debug] [2024-06-13T17:37:07.866Z] Node Version:  v20.11.0
[debug] [2024-06-13T17:37:07.866Z] Time:          Thu Jun 13 2024 23:07:07 GMT+0530 (India Standard Time)
[debug] [2024-06-13T17:37:07.866Z] ----------------------------------------------------------------------
[debug] 
[debug] [2024-06-13T17:37:07.927Z] > command requires scopes: ["email","openid","https://www.googleapis.com/auth/cloudplatformprojects.readonly","https://www.googleapis.com/auth/firebase","https://www.googleapis.com/auth/cloud-platform"]
[debug] [2024-06-13T17:37:07.928Z] > authorizing via signed-in user (pokemonfan20082003@gmail.com)
[info] 
     ######## #### ########  ######## ########     ###     ######  ########
     ##        ##  ##     ## ##       ##     ##  ##   ##  ##       ##
     ######    ##  ########  ######   ########  #########  ######  ######
     ##        ##  ##    ##  ##       ##     ## ##     ##       ## ##
     ##       #### ##     ## ######## ########  ##     ##  ######  ########

You're about to initialize a Firebase project in this directory:

  S:\React\SocialGathering\socialgathering

Before we get started, keep in mind:

  * You are initializing within an existing Firebase project directory

[info] 
=== Project Setup
[info] 
[info] First, let's associate this project directory with a Firebase project.
[info] You can create multiple project aliases by running firebase use --add, 
[info] but for now we'll just set up a default project.
[info] 
[debug] [2024-06-13T17:37:11.212Z] Using project from CLI flag: social-geathering-app
[debug] [2024-06-13T17:37:11.214Z] >>> [apiv2][query] GET https://firebase.googleapis.com/v1beta1/projects/social-geathering-app [none]
[debug] [2024-06-13T17:37:12.034Z] <<< [apiv2][status] GET https://firebase.googleapis.com/v1beta1/projects/social-geathering-app 200
[debug] [2024-06-13T17:37:12.034Z] <<< [apiv2][body] GET https://firebase.googleapis.com/v1beta1/projects/social-geathering-app {"projectId":"social-geathering-app","projectNumber":"298776888303","displayName":"Social-Geathering-App","name":"projects/social-geathering-app","resources":{"hostingSite":"social-geathering-app","storageBucket":"social-geathering-app.appspot.com","locationId":"asia-south1"},"state":"ACTIVE","etag":"1_875bd222-e617-4d70-a5b9-2160a2a10fd4"}
[info] i  Using project social-geathering-app (Social-Geathering-App) 
[info] 
=== Hosting Setup
[debug] [2024-06-13T17:37:12.041Z] >>> [apiv2][query] GET https://firebase.googleapis.com/v1beta1/projects/social-geathering-app [none]
[debug] [2024-06-13T17:37:12.645Z] <<< [apiv2][status] GET https://firebase.googleapis.com/v1beta1/projects/social-geathering-app 200
[debug] [2024-06-13T17:37:12.646Z] <<< [apiv2][body] GET https://firebase.googleapis.com/v1beta1/projects/social-geathering-app {"projectId":"social-geathering-app","projectNumber":"298776888303","displayName":"Social-Geathering-App","name":"projects/social-geathering-app","resources":{"hostingSite":"social-geathering-app","storageBucket":"social-geathering-app.appspot.com","locationId":"asia-south1"},"state":"ACTIVE","etag":"1_875bd222-e617-4d70-a5b9-2160a2a10fd4"}
[info] 
[info] Your public directory is the folder (relative to your project directory) that
[info] will contain Hosting assets to be uploaded with firebase deploy. If you
[info] have a build process for your assets, use your build's output directory.
[info] 
[debug] [2024-06-13T17:37:18.274Z] >>> [apiv2][query] GET https://www.gstatic.com/firebasejs/releases.json [none]
[debug] [2024-06-13T17:37:18.441Z] <<< [apiv2][status] GET https://www.gstatic.com/firebasejs/releases.json 200
[debug] [2024-06-13T17:37:18.441Z] <<< [apiv2][body] GET https://www.gstatic.com/firebasejs/releases.json {"current":{"version":"10.12.2","browserURL":"https://www.gstatic.com/firebasejs/10.12.2/firebase.js","packageURL":"https://www.gstatic.com/firebasejs/10.12.2/firebase.tgz"},"live":{"version":"10.12","browserURL":"https://www.gstatic.com/firebasejs/live/10.12/firebase.js","packageURL":"https://www.gstatic.com/firebasejs/live/10.12/firebase.tgz"},"components":{"analytics":"https://www.gstatic.com/firebasejs/10.12.2/firebase-analytics.js","app":"https://www.gstatic.com/firebasejs/10.12.2/firebase-app.js","app-check":"https://www.gstatic.com/firebasejs/10.12.2/firebase-app-check.js","auth":"https://www.gstatic.com/firebasejs/10.12.2/firebase-auth.js","auth/cordova":"https://www.gstatic.com/firebasejs/10.12.2/firebase-auth/cordova.js","auth/web-extension":"https://www.gstatic.com/firebasejs/10.12.2/firebase-auth/web-extension.js","functions":"https://www.gstatic.com/firebasejs/10.12.2/firebase-functions.js","firestore":"https://www.gstatic.com/firebasejs/10.12.2/firebase-firestore.js","firestore/lite":"https://www.gstatic.com/firebasejs/10.12.2/firebase-firestore/lite.js","installations":"https://www.gstatic.com/firebasejs/10.12.2/firebase-installations.js","storage":"https://www.gstatic.com/firebasejs/10.12.2/firebase-storage.js","performance":"https://www.gstatic.com/firebasejs/10.12.2/firebase-performance.js","remote-config":"https://www.gstatic.com/firebasejs/10.12.2/firebase-remote-config.js","messaging":"https://www.gstatic.com/firebasejs/10.12.2/firebase-messaging.js","messaging/sw":"https://www.gstatic.com/firebasejs/10.12.2/firebase-messaging/sw.js","database":"https://www.gstatic.com/firebasejs/10.12.2/firebase-database.js","vertexai-preview":"https://www.gstatic.com/firebasejs/10.12.2/firebase-vertexai-preview.js","firestore.memory":"https://www.gstatic.com/firebasejs/10.12.2/firebase-firestore.memory.js"}}
[info] +  Wrote y/index.html 
[info] 
[info] i  Detected a .git folder at S:\React\SocialGathering\socialgathering 
[info] i  Authorizing with GitHub to upload your service account to a GitHub repository's secrets store. 
[info] 
[info] Visit this URL on this device to log in:
[info] https://github.com/login/oauth/authorize?client_id=89cf50f02ac6aaed3484&state=544175933&redirect_uri=http%3A%2F%2Flocalhost%3A9005&scope=read%3Auser%20repo%20public_repo
[info] 
[info] Waiting for authentication...
[debug] [2024-06-13T17:37:35.691Z] >>> [apiv2][query] POST https://github.com/login/oauth/access_token [none]
[debug] [2024-06-13T17:37:35.691Z] >>> [apiv2][body] POST https://github.com/login/oauth/access_token [stream]
[debug] [2024-06-13T17:37:36.057Z] <<< [apiv2][status] POST https://github.com/login/oauth/access_token 200
[debug] [2024-06-13T17:37:36.057Z] <<< [apiv2][body] POST https://github.com/login/oauth/access_token {"access_token":"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","token_type":"bearer","scope":"read:user,repo"}
[debug] [2024-06-13T17:37:36.063Z] >>> [apiv2][query] GET https://api.github.com/user [none]
[debug] [2024-06-13T17:37:36.473Z] <<< [apiv2][status] GET https://api.github.com/user 200
[debug] [2024-06-13T17:37:36.473Z] <<< [apiv2][body] GET https://api.github.com/user {"login":"ParthGupta84616","id":148619447,"node_id":"U_kgDOCNvAtw","avatar_url":"https://avatars.githubusercontent.com/u/148619447?v=4","gravatar_id":"","url":"https://api.github.com/users/ParthGupta84616","html_url":"https://github.com/ParthGupta84616","followers_url":"https://api.github.com/users/ParthGupta84616/followers","following_url":"https://api.github.com/users/ParthGupta84616/following{/other_user}","gists_url":"https://api.github.com/users/ParthGupta84616/gists{/gist_id}","starred_url":"https://api.github.com/users/ParthGupta84616/starred{/owner}{/repo}","subscriptions_url":"https://api.github.com/users/ParthGupta84616/subscriptions","organizations_url":"https://api.github.com/users/ParthGupta84616/orgs","repos_url":"https://api.github.com/users/ParthGupta84616/repos","events_url":"https://api.github.com/users/ParthGupta84616/events{/privacy}","received_events_url":"https://api.github.com/users/ParthGupta84616/received_events","type":"User","site_admin":false,"name":"Parth Gupta","company":null,"blog":"https://parthsportfolios.netlify.app/","location":"Indore , India","email":null,"hireable":null,"bio":null,"twitter_username":null,"public_repos":16,"public_gists":0,"followers":3,"following":3,"created_at":"2023-10-21T09:04:31Z","updated_at":"2024-06-10T09:21:50Z","private_gists":0,"total_private_repos":3,"owned_private_repos":3,"disk_usage":207139,"collaborators":0,"two_factor_authentication":true,"plan":{"name":"pro","space":976562499,"collaborators":0,"private_repos":9999}}
[info] 
[info] +  Success! Logged into GitHub as ParthGupta84616 
[info] 
[debug] [2024-06-13T17:37:47.949Z] >>> [apiv2][query] GET https://api.github.com/repos/y/actions/secrets/public-key type=owner
[debug] [2024-06-13T17:37:48.276Z] <<< [apiv2][status] GET https://api.github.com/repos/y/actions/secrets/public-key 404
[debug] [2024-06-13T17:37:48.276Z] <<< [apiv2][body] GET https://api.github.com/repos/y/actions/secrets/public-key {"message":"Not Found","documentation_url":"https://docs.github.com/rest","status":"404"}
[info] 
[info] 
[error] !  The provided authorization cannot be used with this repository. If this repository is in an organization, did you remember to grant access? 
[info] 
[info] i  Action required: Visit this URL to ensure access has been granted to the appropriate organization(s) for the Firebase CLI GitHub OAuth App: 
[info] https://github.com/settings/connections/applications/89cf50f02ac6aaed3484
[info] 
[debug] [2024-06-13T17:40:59.172Z] ----------------------------------------------------------------------
[debug] [2024-06-13T17:40:59.174Z] Command:       C:\Program Files\nodejs\node.exe C:\Users\Parth\AppData\Roaming\npm\node_modules\firebase-tools\lib\bin\firebase.js init hosting
[debug] [2024-06-13T17:40:59.175Z] CLI Version:   13.11.2
[debug] [2024-06-13T17:40:59.175Z] Platform:      win32
[debug] [2024-06-13T17:40:59.175Z] Node Version:  v20.11.0
[debug] [2024-06-13T17:40:59.175Z] Time:          Thu Jun 13 2024 23:10:59 GMT+0530 (India Standard Time)
[debug] [2024-06-13T17:40:59.175Z] ----------------------------------------------------------------------
[debug] 
[debug] [2024-06-13T17:40:59.253Z] > command requires scopes: ["email","openid","https://www.googleapis.com/auth/cloudplatformprojects.readonly","https://www.googleapis.com/auth/firebase","https://www.googleapis.com/auth/cloud-platform"]
[debug] [2024-06-13T17:40:59.253Z] > authorizing via signed-in user (pokemonfan20082003@gmail.com)
[info] 
     ######## #### ########  ######## ########     ###     ######  ########
     ##        ##  ##     ## ##       ##     ##  ##   ##  ##       ##
     ######    ##  ########  ######   ########  #########  ######  ######
     ##        ##  ##    ##  ##       ##     ## ##     ##       ## ##
     ##       #### ##     ## ######## ########  ##     ##  ######  ########

You're about to initialize a Firebase project in this directory:

  S:\React\SocialGathering\socialgathering

Before we get started, keep in mind:

  * You are initializing within an existing Firebase project directory

[info] 
=== Project Setup
[info] 
[info] First, let's associate this project directory with a Firebase project.
[info] You can create multiple project aliases by running firebase use --add, 
[info] but for now we'll just set up a default project.
[info] 
[debug] [2024-06-13T17:41:01.753Z] Using project from CLI flag: social-geathering-app
[debug] [2024-06-13T17:41:01.756Z] >>> [apiv2][query] GET https://firebase.googleapis.com/v1beta1/projects/social-geathering-app [none]
[debug] [2024-06-13T17:41:02.637Z] <<< [apiv2][status] GET https://firebase.googleapis.com/v1beta1/projects/social-geathering-app 200
[debug] [2024-06-13T17:41:02.637Z] <<< [apiv2][body] GET https://firebase.googleapis.com/v1beta1/projects/social-geathering-app {"projectId":"social-geathering-app","projectNumber":"298776888303","displayName":"Social-Geathering-App","name":"projects/social-geathering-app","resources":{"hostingSite":"social-geathering-app","storageBucket":"social-geathering-app.appspot.com","locationId":"asia-south1"},"state":"ACTIVE","etag":"1_875bd222-e617-4d70-a5b9-2160a2a10fd4"}
[info] i  Using project social-geathering-app (Social-Geathering-App) 
[info] 
=== Hosting Setup
[debug] [2024-06-13T17:41:02.644Z] >>> [apiv2][query] GET https://firebase.googleapis.com/v1beta1/projects/social-geathering-app [none]
[debug] [2024-06-13T17:41:03.293Z] <<< [apiv2][status] GET https://firebase.googleapis.com/v1beta1/projects/social-geathering-app 200
[debug] [2024-06-13T17:41:03.294Z] <<< [apiv2][body] GET https://firebase.googleapis.com/v1beta1/projects/social-geathering-app {"projectId":"social-geathering-app","projectNumber":"298776888303","displayName":"Social-Geathering-App","name":"projects/social-geathering-app","resources":{"hostingSite":"social-geathering-app","storageBucket":"social-geathering-app.appspot.com","locationId":"asia-south1"},"state":"ACTIVE","etag":"1_875bd222-e617-4d70-a5b9-2160a2a10fd4"}
[info] 
[info] Your public directory is the folder (relative to your project directory) that
[info] will contain Hosting assets to be uploaded with firebase deploy. If you
[info] have a build process for your assets, use your build's output directory.
[info] 
